0 verbose cli /home/vagrant/.nvm/versions/node/v18.14.2/bin/node /home/vagrant/.nvm/versions/node/v18.14.2/bin/npm
1 info using npm@9.5.0
2 info using node@v18.14.2
3 timing npm:load:whichnode Completed in 2ms
4 timing config:load:defaults Completed in 3ms
5 timing config:load:file:/home/vagrant/.nvm/versions/node/v18.14.2/lib/node_modules/npm/npmrc Completed in 1ms
6 timing config:load:builtin Completed in 1ms
7 timing config:load:cli Completed in 2ms
8 timing config:load:env Completed in 0ms
9 timing config:load:project Completed in 1ms
10 timing config:load:file:/home/vagrant/.npmrc Completed in 0ms
11 timing config:load:user Completed in 0ms
12 timing config:load:file:/home/vagrant/.nvm/versions/node/v18.14.2/etc/npmrc Completed in 0ms
13 timing config:load:global Completed in 0ms
14 timing config:load:setEnvs Completed in 2ms
15 timing config:load Completed in 13ms
16 timing npm:load:configload Completed in 13ms
17 timing npm:load:mkdirpcache Completed in 1ms
18 timing npm:load:mkdirplogs Completed in 0ms
19 verbose title npm remove mocha
20 verbose argv "remove" "mocha"
21 timing npm:load:setTitle Completed in 2ms
22 timing config:load:flatten Completed in 5ms
23 timing npm:load:display Completed in 6ms
24 verbose logfile logs-max:10 dir:/home/vagrant/.npm/_logs/2024-04-24T13_14_33_439Z-
25 verbose logfile /home/vagrant/.npm/_logs/2024-04-24T13_14_33_439Z-debug-0.log
26 timing npm:load:logFile Completed in 11ms
27 timing npm:load:timers Completed in 0ms
28 timing npm:load:configScope Completed in 0ms
29 timing npm:load Completed in 36ms
30 timing arborist:ctor Completed in 1ms
31 silly logfile start cleaning logs, removing 1 files
32 silly logfile done cleaning log files
33 timing idealTree:init Completed in 256ms
34 timing idealTree:userRequests Completed in 5ms
35 silly idealTree buildDeps
36 timing idealTree:#root Completed in 1ms
37 timing idealTree:buildDeps Completed in 3ms
38 timing idealTree:fixDepFlags Completed in 6ms
39 timing idealTree Completed in 276ms
40 timing arborist:ctor Completed in 0ms
41 timing reify:loadTrees Completed in 467ms
42 timing reify:diffTrees Completed in 20ms
43 silly reify moves {}
44 timing reify:retireShallow Completed in 1ms
45 timing reify:createSparse Completed in 0ms
46 timing reify:loadBundles Completed in 0ms
47 silly audit bulk request {
47 silly audit   '@aashutoshrathi/word-wrap': [ '1.2.6' ],
47 silly audit   '@apidevtools/json-schema-ref-parser': [ '9.1.2' ],
47 silly audit   '@apidevtools/openapi-schemas': [ '2.1.0' ],
47 silly audit   '@apidevtools/swagger-methods': [ '3.0.2' ],
47 silly audit   '@apidevtools/swagger-parser': [ '10.0.3' ],
47 silly audit   '@eslint-community/eslint-utils': [ '4.4.0' ],
47 silly audit   '@eslint-community/regexpp': [ '4.10.0' ],
47 silly audit   '@eslint/eslintrc': [ '2.1.4' ],
47 silly audit   debug: [ '4.3.4', '2.6.9' ],
47 silly audit   ms: [ '2.1.2', '2.1.3', '2.0.0' ],
47 silly audit   '@eslint/js': [ '8.57.0' ],
47 silly audit   '@humanwhocodes/config-array': [ '0.11.14' ],
47 silly audit   '@humanwhocodes/module-importer': [ '1.0.1' ],
47 silly audit   '@humanwhocodes/object-schema': [ '2.0.3' ],
47 silly audit   '@jsdevtools/ono': [ '7.1.3' ],
47 silly audit   '@nodelib/fs.scandir': [ '2.1.5' ],
47 silly audit   '@nodelib/fs.stat': [ '2.0.5' ],
47 silly audit   '@nodelib/fs.walk': [ '1.2.8' ],
47 silly audit   '@types/debug': [ '4.1.12' ],
47 silly audit   '@types/json-schema': [ '7.0.15' ],
47 silly audit   '@types/ms': [ '0.7.34' ],
47 silly audit   '@types/node': [ '20.12.7' ],
47 silly audit   '@types/validator': [ '13.11.9' ],
47 silly audit   '@ungap/structured-clone': [ '1.2.0' ],
47 silly audit   accepts: [ '1.3.8' ],
47 silly audit   acorn: [ '8.11.3' ],
47 silly audit   'acorn-jsx': [ '5.3.2' ],
47 silly audit   ajv: [ '6.12.6' ],
47 silly audit   'ansi-regex': [ '5.0.1' ],
47 silly audit   'ansi-styles': [ '4.3.0' ],
47 silly audit   'append-field': [ '1.0.0' ],
47 silly audit   argparse: [ '2.0.1' ],
47 silly audit   'array-flatten': [ '1.1.1' ],
47 silly audit   async: [ '3.2.5' ],
47 silly audit   asynckit: [ '0.4.0' ],
47 silly audit   axios: [ '1.6.8' ],
47 silly audit   'balanced-match': [ '1.0.2' ],
47 silly audit   bcryptjs: [ '2.4.3' ],
47 silly audit   'body-parser': [ '1.20.2' ],
47 silly audit   'brace-expansion': [ '1.1.11', '2.0.1' ],
47 silly audit   'buffer-equal-constant-time': [ '1.0.1' ],
47 silly audit   'buffer-from': [ '1.1.2' ],
47 silly audit   busboy: [ '1.6.0' ],
47 silly audit   bytes: [ '3.1.2' ],
47 silly audit   'call-bind': [ '1.0.7' ],
47 silly audit   'call-me-maybe': [ '1.0.2' ],
47 silly audit   callsites: [ '3.1.0' ],
47 silly audit   chalk: [ '4.1.2' ],
47 silly audit   'color-convert': [ '2.0.1' ],
47 silly audit   'color-name': [ '1.1.4' ],
47 silly audit   'combined-stream': [ '1.0.8' ],
47 silly audit   commander: [ '6.2.0', '9.5.0' ],
47 silly audit   'concat-map': [ '0.0.1' ],
47 silly audit   'concat-stream': [ '1.6.2' ],
47 silly audit   'content-disposition': [ '0.5.4' ],
47 silly audit   'content-type': [ '1.0.5' ],
47 silly audit   cookie: [ '0.6.0' ],
47 silly audit   'cookie-signature': [ '1.0.6' ],
47 silly audit   'core-util-is': [ '1.0.3' ],
47 silly audit   cors: [ '2.8.5' ],
47 silly audit   'cross-spawn': [ '7.0.3' ],
47 silly audit   'csv-parser': [ '3.0.0' ],
47 silly audit   'deep-is': [ '0.1.4' ],
47 silly audit   'define-data-property': [ '1.1.4' ],
47 silly audit   'delayed-stream': [ '1.0.0' ],
47 silly audit   depd: [ '2.0.0' ],
47 silly audit   destroy: [ '1.2.0' ],
47 silly audit   doctrine: [ '3.0.0' ],
47 silly audit   dotenv: [ '16.4.5' ],
47 silly audit   dottie: [ '2.0.6' ],
47 silly audit   'ecdsa-sig-formatter': [ '1.0.11' ],
47 silly audit   'ee-first': [ '1.1.1' ],
47 silly audit   ejs: [ '3.1.10' ],
47 silly audit   encodeurl: [ '1.0.2' ],
47 silly audit   'es-define-property': [ '1.0.0' ],
47 silly audit   'es-errors': [ '1.3.0' ],
47 silly audit   'escape-html': [ '1.0.3' ],
47 silly audit   'escape-string-regexp': [ '4.0.0' ],
47 silly audit   eslint: [ '8.57.0' ],
47 silly audit   'eslint-config-google': [ '0.14.0' ],
47 silly audit   'eslint-plugin-sequelize': [ '1.0.4' ],
47 silly audit   'eslint-scope': [ '7.2.2' ],
47 silly audit   'eslint-visitor-keys': [ '3.4.3' ],
47 silly audit   espree: [ '9.6.1' ],
47 silly audit   esquery: [ '1.5.0' ],
47 silly audit   esrecurse: [ '4.3.0' ],
47 silly audit   estraverse: [ '5.3.0' ],
47 silly audit   esutils: [ '2.0.3' ],
47 silly audit   etag: [ '1.8.1' ],
47 silly audit   express: [ '4.19.2' ],
47 silly audit   'express-async-errors': [ '3.1.1' ],
47 silly audit   'fast-deep-equal': [ '3.1.3' ],
47 silly audit   'fast-json-stable-stringify': [ '2.1.0' ],
47 silly audit   'fast-levenshtein': [ '2.0.6' ],
47 silly audit   fastq: [ '1.17.1' ],
47 silly audit   'file-entry-cache': [ '6.0.1' ],
47 silly audit   filelist: [ '1.0.4' ],
47 silly audit   minimatch: [ '5.1.6', '3.1.2' ],
47 silly audit   finalhandler: [ '1.2.0' ],
47 silly audit   'find-up': [ '5.0.0' ],
47 silly audit   'flat-cache': [ '3.2.0' ],
47 silly audit   flatted: [ '3.3.1' ],
47 silly audit   'follow-redirects': [ '1.15.6' ],
47 silly audit   'form-data': [ '4.0.0' ],
47 silly audit   forwarded: [ '0.2.0' ],
47 silly audit   fresh: [ '0.5.2' ],
47 silly audit   'fs.realpath': [ '1.0.0' ],
47 silly audit   'function-bind': [ '1.1.2' ],
47 silly audit   'get-intrinsic': [ '1.2.4' ],
47 silly audit   glob: [ '7.2.3', '7.1.6' ],
47 silly audit   'glob-parent': [ '6.0.2' ],
47 silly audit   globals: [ '13.24.0' ],
47 silly audit   gopd: [ '1.0.1' ],
47 silly audit   graphemer: [ '1.4.0' ],
47 silly audit   'has-flag': [ '4.0.0' ],
47 silly audit   'has-property-descriptors': [ '1.0.2' ],
47 silly audit   'has-proto': [ '1.0.3' ],
47 silly audit   'has-symbols': [ '1.0.3' ],
47 silly audit   hasown: [ '2.0.2' ],
47 silly audit   'http-errors': [ '2.0.0' ],
47 silly audit   'iconv-lite': [ '0.4.24' ],
47 silly audit   ignore: [ '5.3.1' ],
47 silly audit   'import-fresh': [ '3.3.0' ],
47 silly audit   imurmurhash: [ '0.1.4' ],
47 silly audit   inflection: [ '1.13.4' ],
47 silly audit   inflight: [ '1.0.6' ],
47 silly audit   inherits: [ '2.0.4', '2.0.3' ],
47 silly audit   'ipaddr.js': [ '1.9.1' ],
47 silly audit   'is-extglob': [ '2.1.1' ],
47 silly audit   'is-glob': [ '4.0.3' ],
47 silly audit   'is-path-inside': [ '3.0.3' ],
47 silly audit   isarray: [ '1.0.0' ],
47 silly audit   isexe: [ '2.0.0' ],
47 silly audit   jake: [ '10.8.7' ],
47 silly audit   'js-yaml': [ '4.1.0' ],
47 silly audit   'json-buffer': [ '3.0.1' ],
47 silly audit   'json-schema-traverse': [ '0.4.1' ],
47 silly audit   'json-stable-stringify-without-jsonify': [ '1.0.1' ],
47 silly audit   jsonwebtoken: [ '9.0.2' ],
47 silly audit   jwa: [ '1.4.1' ],
47 silly audit   jws: [ '3.2.2' ],
47 silly audit   keyv: [ '4.5.4' ],
47 silly audit   levn: [ '0.4.1' ],
47 silly audit   'locate-path': [ '6.0.0' ],
47 silly audit   lodash: [ '4.17.21' ],
47 silly audit   'lodash.get': [ '4.4.2' ],
47 silly audit   'lodash.includes': [ '4.3.0' ],
47 silly audit   'lodash.isboolean': [ '3.0.3' ],
47 silly audit   'lodash.isequal': [ '4.5.0' ],
47 silly audit   'lodash.isinteger': [ '4.0.4' ],
47 silly audit   'lodash.isnumber': [ '3.0.3' ],
47 silly audit   'lodash.isplainobject': [ '4.0.6' ],
47 silly audit   'lodash.isstring': [ '4.0.1' ],
47 silly audit   'lodash.merge': [ '4.6.2' ],
47 silly audit   'lodash.mergewith': [ '4.6.2' ],
47 silly audit   'lodash.once': [ '4.1.1' ],
47 silly audit   'lru-cache': [ '6.0.0' ],
47 silly audit   'media-typer': [ '0.3.0' ],
47 silly audit   'merge-descriptors': [ '1.0.1' ],
47 silly audit   methods: [ '1.1.2' ],
47 silly audit   mime: [ '1.6.0' ],
47 silly audit   'mime-db': [ '1.52.0' ],
47 silly audit   'mime-types': [ '2.1.35' ],
47 silly audit   minimist: [ '1.2.8' ],
47 silly audit   mkdirp: [ '0.5.6' ],
47 silly audit   moment: [ '2.30.1' ],
47 silly audit   'moment-timezone': [ '0.5.45' ],
47 silly audit   multer: [ '1.4.5-lts.1' ],
47 silly audit   'natural-compare': [ '1.4.0' ],
47 silly audit   negotiator: [ '0.6.3' ],
47 silly audit   'object-assign': [ '4.1.1' ],
47 silly audit   'object-inspect': [ '1.13.1' ],
47 silly audit   'on-finished': [ '2.4.1' ],
47 silly audit   once: [ '1.4.0' ],
47 silly audit   'openapi-types': [ '12.1.3' ],
47 silly audit   optionator: [ '0.9.3' ],
47 silly audit   'p-limit': [ '3.1.0' ],
47 silly audit   'p-locate': [ '5.0.0' ],
47 silly audit   'parent-module': [ '1.0.1' ],
47 silly audit   parseurl: [ '1.3.3' ],
47 silly audit   path: [ '0.12.7' ],
47 silly audit   'path-exists': [ '4.0.0' ],
47 silly audit   'path-is-absolute': [ '1.0.1' ],
47 silly audit   'path-key': [ '3.1.1' ],
47 silly audit   'path-to-regexp': [ '0.1.7' ],
47 silly audit   pg: [ '8.11.5' ],
47 silly audit   'pg-cloudflare': [ '1.1.1' ],
47 silly audit   'pg-connection-string': [ '2.6.4' ],
47 silly audit   'pg-hstore': [ '2.3.4' ],
47 silly audit   'pg-int8': [ '1.0.1' ],
47 silly audit   'pg-pool': [ '3.6.2' ],
47 silly audit   'pg-protocol': [ '1.6.1' ],
47 silly audit   'pg-types': [ '2.2.0' ],
47 silly audit   pgpass: [ '1.0.5' ],
47 silly audit   'postgres-array': [ '2.0.0' ],
47 silly audit   'postgres-bytea': [ '1.0.0' ],
47 silly audit   'postgres-date': [ '1.0.7' ],
47 silly audit   'postgres-interval': [ '1.2.0' ],
47 silly audit   'prelude-ls': [ '1.2.1' ],
47 silly audit   process: [ '0.11.10' ],
47 silly audit   'process-nextick-args': [ '2.0.1' ],
47 silly audit   'proxy-addr': [ '2.0.7' ],
47 silly audit   'proxy-from-env': [ '1.1.0' ],
47 silly audit   punycode: [ '2.3.1' ],
47 silly audit   qs: [ '6.11.0' ],
47 silly audit   'queue-microtask': [ '1.2.3' ],
47 silly audit   'range-parser': [ '1.2.1' ],
47 silly audit   'raw-body': [ '2.5.2' ],
47 silly audit   'readable-stream': [ '2.3.8' ],
47 silly audit   'safe-buffer': [ '5.1.2', '5.2.1' ],
47 silly audit   'resolve-from': [ '4.0.0' ],
47 silly audit   'retry-as-promised': [ '7.0.4' ],
47 silly audit   reusify: [ '1.0.4' ],
47 silly audit   rimraf: [ '3.0.2' ],
47 silly audit   'run-parallel': [ '1.2.0' ],
47 silly audit   'safer-buffer': [ '2.1.2' ],
47 silly audit   semver: [ '7.6.0' ],
47 silly audit   send: [ '0.18.0' ],
47 silly audit   sequelize: [ '6.37.3' ],
47 silly audit   'sequelize-pool': [ '7.1.0' ],
47 silly audit   'serve-static': [ '1.15.0' ],
47 silly audit   'set-function-length': [ '1.2.2' ],
47 silly audit   setprototypeof: [ '1.2.0' ],
47 silly audit   'shebang-command': [ '2.0.0' ],
47 silly audit   'shebang-regex': [ '3.0.0' ],
47 silly audit   'side-channel': [ '1.0.6' ],
47 silly audit   split2: [ '4.2.0' ],
47 silly audit   statuses: [ '2.0.1' ],
47 silly audit   streamsearch: [ '1.1.0' ],
47 silly audit   string_decoder: [ '1.1.1' ],
47 silly audit   'strip-ansi': [ '6.0.1' ],
47 silly audit   'strip-json-comments': [ '3.1.1' ],
47 silly audit   'supports-color': [ '7.2.0' ],
47 silly audit   'swagger-jsdoc': [ '6.2.8' ],
47 silly audit   'swagger-parser': [ '10.0.3' ],
47 silly audit   'swagger-ui-dist': [ '5.17.0' ],
47 silly audit   'swagger-ui-express': [ '5.0.0' ],
47 silly audit   'text-table': [ '0.2.0' ],
47 silly audit   toidentifier: [ '1.0.1' ],
47 silly audit   'toposort-class': [ '1.0.1' ],
47 silly audit   'type-check': [ '0.4.0' ],
47 silly audit   'type-fest': [ '0.20.2' ],
47 silly audit   'type-is': [ '1.6.18' ],
47 silly audit   typedarray: [ '0.0.6' ],
47 silly audit   underscore: [ '1.13.6' ],
47 silly audit   'undici-types': [ '5.26.5' ],
47 silly audit   unpipe: [ '1.0.0' ],
47 silly audit   'uri-js': [ '4.4.1' ],
47 silly audit   util: [ '0.10.4' ],
47 silly audit   'util-deprecate': [ '1.0.2' ],
47 silly audit   'utils-merge': [ '1.0.1' ],
47 silly audit   uuid: [ '8.3.2' ],
47 silly audit   validator: [ '13.11.0' ],
47 silly audit   vary: [ '1.1.2' ],
47 silly audit   which: [ '2.0.2' ],
47 silly audit   wkx: [ '0.5.0' ],
47 silly audit   wrappy: [ '1.0.2' ],
47 silly audit   xtend: [ '4.0.2' ],
47 silly audit   yallist: [ '4.0.0' ],
47 silly audit   yaml: [ '2.0.0-1' ],
47 silly audit   'yocto-queue': [ '0.1.0' ],
47 silly audit   'z-schema': [ '5.0.5' ]
47 silly audit }
48 timing reify:unpack Completed in 6ms
49 timing reify:unretire Completed in 0ms
50 timing build:queue Completed in 0ms
51 timing build:deps Completed in 0ms
52 timing build Completed in 0ms
53 timing reify:build Completed in 1ms
54 timing reify:trash Completed in 0ms
55 timing reify:save Completed in 90ms
56 http fetch POST 200 https://registry.npmjs.org/-/npm/v1/security/advisories/bulk 573ms
57 timing auditReport:getReport Completed in 583ms
58 silly audit report {}
59 timing auditReport:init Completed in 0ms
60 timing reify:audit Completed in 583ms
61 timing reify Completed in 1081ms
62 timing command:remove Completed in 1098ms
63 verbose exit 0
64 timing npm Completed in 1175ms
65 info ok
