Timestamp: 2024-03-01T13:40:36.165Z
File: undefined
Function: undefined
Error: Validation error: User Name length must be between 3 to 50 characters
Stack Trace: SequelizeValidationError: Validation error: User Name length must be between 3 to 50 characters
    at InstanceValidator._validate (D:\elynker\nw\elynker-services\node_modules\sequelize\lib\instance-validator.js:50:13)
    at process.processTicksAndRejections (node:internal/process/task_queues:95:5)
    at async InstanceValidator._validateAndRunHooks (D:\elynker\nw\elynker-services\node_modules\sequelize\lib\instance-validator.js:60:7)
    at async InstanceValidator.validate (D:\elynker\nw\elynker-services\node_modules\sequelize\lib\instance-validator.js:54:12)
    at async model.save (D:\elynker\nw\elynker-services\node_modules\sequelize\lib\model.js:2426:7)
    at async users.create (D:\elynker\nw\elynker-services\node_modules\sequelize\lib\model.js:1362:12)
    at async exports.signup (D:\elynker\nw\elynker-services\app\controllers\auth.controller.js:21:16)

Timestamp: 2024-03-13T13:07:11.672Z
File: undefined
Function: undefined
Error: Sequelize is not defined
Stack Trace: ReferenceError: Sequelize is not defined
    at module.exports.getVendorsByLocation (D:\elynker\nw\elynker-services\app\controllers\miscellaneous.controller.js:24:28)
    at newFn (D:\elynker\nw\elynker-services\node_modules\express-async-errors\index.js:16:20)
    at Layer.handle [as handle_request] (D:\elynker\nw\elynker-services\node_modules\express\lib\router\layer.js:95:5)
    at next (D:\elynker\nw\elynker-services\node_modules\express\lib\router\route.js:144:13)
    at Route.dispatch (D:\elynker\nw\elynker-services\node_modules\express\lib\router\route.js:114:3)
    at newFn (D:\elynker\nw\elynker-services\node_modules\express-async-errors\index.js:16:20)
    at Layer.handle [as handle_request] (D:\elynker\nw\elynker-services\node_modules\express\lib\router\layer.js:95:5)
    at D:\elynker\nw\elynker-services\node_modules\express\lib\router\index.js:284:15
    at param (D:\elynker\nw\elynker-services\node_modules\express\lib\router\index.js:365:14)
    at param (D:\elynker\nw\elynker-services\node_modules\express\lib\router\index.js:376:14)

